2021/06/07 08:52:11 [notice] 1#1: using the "epoll" event method
2021/06/07 08:52:11 [notice] 1#1: nginx/1.21.0
2021/06/07 08:52:11 [notice] 1#1: built by gcc 8.3.0 (Debian 8.3.0-6) 
2021/06/07 08:52:11 [notice] 1#1: OS: Linux 4.19.128-microsoft-standard
2021/06/07 08:52:11 [notice] 1#1: getrlimit(RLIMIT_NOFILE): 1048576:1048576
2021/06/07 08:52:11 [notice] 1#1: start worker processes
2021/06/07 08:52:11 [notice] 1#1: start worker process 31
2021/06/07 08:52:11 [notice] 1#1: start worker process 32
2021/06/07 08:52:11 [notice] 1#1: start worker process 33
2021/06/07 08:52:11 [notice] 1#1: start worker process 34
2021/06/07 08:52:11 [notice] 1#1: start worker process 35
2021/06/07 08:52:11 [notice] 1#1: start worker process 36
2021/06/07 08:52:11 [notice] 1#1: start worker process 37
2021/06/07 08:52:11 [notice] 1#1: start worker process 38
2021/06/07 08:52:11 [notice] 1#1: start worker process 39
2021/06/07 08:52:11 [notice] 1#1: start worker process 40
2021/06/07 08:52:11 [notice] 1#1: start worker process 41
2021/06/07 08:52:11 [notice] 1#1: start worker process 42
2021/06/07 08:52:21 [notice] 1#1: signal 2 (SIGINT) received, exiting
2021/06/07 08:52:21 [notice] 31#31: exiting
2021/06/07 08:52:21 [notice] 32#32: exiting
2021/06/07 08:52:21 [notice] 33#33: exiting
2021/06/07 08:52:21 [notice] 31#31: exit
2021/06/07 08:52:21 [notice] 34#34: exiting
2021/06/07 08:52:21 [notice] 32#32: exit
2021/06/07 08:52:21 [notice] 35#35: exiting
2021/06/07 08:52:21 [notice] 36#36: exiting
2021/06/07 08:52:21 [notice] 33#33: exit
2021/06/07 08:52:21 [notice] 34#34: exit
2021/06/07 08:52:21 [notice] 37#37: exiting
2021/06/07 08:52:21 [notice] 35#35: exit
2021/06/07 08:52:21 [notice] 38#38: exiting
2021/06/07 08:52:21 [notice] 36#36: exit
2021/06/07 08:52:21 [notice] 37#37: exit
2021/06/07 08:52:21 [notice] 39#39: exiting
2021/06/07 08:52:21 [notice] 38#38: exit
2021/06/07 08:52:21 [notice] 39#39: exit
2021/06/07 08:52:21 [notice] 40#40: exiting
2021/06/07 08:52:21 [notice] 40#40: exit
2021/06/07 08:52:21 [notice] 42#42: exiting
2021/06/07 08:52:21 [notice] 41#41: exiting
2021/06/07 08:52:21 [notice] 42#42: exit
2021/06/07 08:52:21 [notice] 41#41: exit
2021/06/07 08:52:21 [notice] 1#1: signal 2 (SIGINT) received, exiting
2021/06/07 08:52:21 [notice] 1#1: signal 14 (SIGALRM) received
2021/06/07 08:52:21 [notice] 1#1: signal 17 (SIGCHLD) received from 32
2021/06/07 08:52:21 [notice] 1#1: worker process 32 exited with code 0
2021/06/07 08:52:21 [notice] 1#1: worker process 37 exited with code 0
2021/06/07 08:52:21 [notice] 1#1: worker process 40 exited with code 0
2021/06/07 08:52:21 [notice] 1#1: signal 29 (SIGIO) received
2021/06/07 08:52:21 [notice] 1#1: signal 17 (SIGCHLD) received from 34
2021/06/07 08:52:21 [notice] 1#1: worker process 34 exited with code 0
2021/06/07 08:52:21 [notice] 1#1: worker process 35 exited with code 0
2021/06/07 08:52:21 [notice] 1#1: worker process 38 exited with code 0
2021/06/07 08:52:21 [notice] 1#1: worker process 39 exited with code 0
2021/06/07 08:52:21 [notice] 1#1: worker process 41 exited with code 0
2021/06/07 08:52:21 [notice] 1#1: worker process 33 exited with code 0
2021/06/07 08:52:21 [notice] 1#1: worker process 42 exited with code 0
2021/06/07 08:52:21 [notice] 1#1: signal 29 (SIGIO) received
2021/06/07 08:52:21 [notice] 1#1: signal 17 (SIGCHLD) received from 39
2021/06/07 08:52:21 [notice] 1#1: signal 17 (SIGCHLD) received from 31
2021/06/07 08:52:21 [notice] 1#1: worker process 31 exited with code 0
2021/06/07 08:52:21 [notice] 1#1: signal 29 (SIGIO) received
2021/06/07 08:52:21 [notice] 1#1: signal 17 (SIGCHLD) received from 36
2021/06/07 08:52:21 [notice] 1#1: worker process 36 exited with code 0
2021/06/07 08:52:21 [notice] 1#1: exit
2021/06/07 08:53:52 [notice] 1#1: using the "epoll" event method
2021/06/07 08:53:52 [notice] 1#1: nginx/1.21.0
2021/06/07 08:53:52 [notice] 1#1: built by gcc 8.3.0 (Debian 8.3.0-6) 
2021/06/07 08:53:52 [notice] 1#1: OS: Linux 4.19.128-microsoft-standard
2021/06/07 08:53:52 [notice] 1#1: getrlimit(RLIMIT_NOFILE): 1048576:1048576
2021/06/07 08:53:52 [notice] 1#1: start worker processes
2021/06/07 08:53:52 [notice] 1#1: start worker process 31
2021/06/07 08:53:52 [notice] 1#1: start worker process 32
2021/06/07 08:53:52 [notice] 1#1: start worker process 33
2021/06/07 08:53:52 [notice] 1#1: start worker process 34
2021/06/07 08:53:52 [notice] 1#1: start worker process 35
2021/06/07 08:53:52 [notice] 1#1: start worker process 36
2021/06/07 08:53:52 [notice] 1#1: start worker process 37
2021/06/07 08:53:52 [notice] 1#1: start worker process 38
2021/06/07 08:53:52 [notice] 1#1: start worker process 39
2021/06/07 08:53:52 [notice] 1#1: start worker process 40
2021/06/07 08:53:52 [notice] 1#1: start worker process 41
2021/06/07 08:53:52 [notice] 1#1: start worker process 42
2021/06/07 08:57:18 [notice] 1#1: using the "epoll" event method
2021/06/07 08:57:18 [notice] 1#1: nginx/1.21.0
2021/06/07 08:57:18 [notice] 1#1: built by gcc 8.3.0 (Debian 8.3.0-6) 
2021/06/07 08:57:18 [notice] 1#1: OS: Linux 4.19.128-microsoft-standard
2021/06/07 08:57:18 [notice] 1#1: getrlimit(RLIMIT_NOFILE): 1048576:1048576
2021/06/07 08:57:18 [notice] 1#1: start worker processes
2021/06/07 08:57:18 [notice] 1#1: start worker process 31
2021/06/07 08:57:18 [notice] 1#1: start worker process 32
2021/06/07 08:57:18 [notice] 1#1: start worker process 33
2021/06/07 08:57:18 [notice] 1#1: start worker process 34
2021/06/07 08:57:18 [notice] 1#1: start worker process 35
2021/06/07 08:57:18 [notice] 1#1: start worker process 36
2021/06/07 08:57:18 [notice] 1#1: start worker process 37
2021/06/07 08:57:18 [notice] 1#1: start worker process 38
2021/06/07 08:57:18 [notice] 1#1: start worker process 39
2021/06/07 08:57:18 [notice] 1#1: start worker process 40
2021/06/07 08:57:18 [notice] 1#1: start worker process 41
2021/06/07 08:57:18 [notice] 1#1: start worker process 42
2021/06/07 09:04:13 [notice] 1#1: signal 2 (SIGINT) received, exiting
2021/06/07 09:04:13 [notice] 31#31: exiting
2021/06/07 09:04:13 [notice] 32#32: exiting
2021/06/07 09:04:13 [notice] 33#33: exiting
2021/06/07 09:04:13 [notice] 31#31: exit
2021/06/07 09:04:13 [notice] 34#34: exiting
2021/06/07 09:04:13 [notice] 32#32: exit
2021/06/07 09:04:13 [notice] 35#35: exiting
2021/06/07 09:04:13 [notice] 33#33: exit
2021/06/07 09:04:13 [notice] 34#34: exit
2021/06/07 09:04:13 [notice] 36#36: exiting
2021/06/07 09:04:13 [notice] 37#37: exiting
2021/06/07 09:04:13 [notice] 35#35: exit
2021/06/07 09:04:13 [notice] 39#39: exiting
2021/06/07 09:04:13 [notice] 38#38: exiting
2021/06/07 09:04:13 [notice] 36#36: exit
2021/06/07 09:04:13 [notice] 37#37: exit
2021/06/07 09:04:13 [notice] 39#39: exit
2021/06/07 09:04:13 [notice] 38#38: exit
2021/06/07 09:04:13 [notice] 40#40: exiting
2021/06/07 09:04:13 [notice] 41#41: exiting
2021/06/07 09:04:13 [notice] 40#40: exit
2021/06/07 09:04:13 [notice] 41#41: exit
2021/06/07 09:04:13 [notice] 42#42: exiting
2021/06/07 09:04:13 [notice] 42#42: exit
2021/06/07 09:04:13 [notice] 1#1: signal 2 (SIGINT) received, exiting
2021/06/07 09:04:13 [notice] 1#1: signal 14 (SIGALRM) received
2021/06/07 09:04:13 [notice] 1#1: signal 17 (SIGCHLD) received from 34
2021/06/07 09:04:13 [notice] 1#1: worker process 31 exited with code 0
2021/06/07 09:04:13 [notice] 1#1: worker process 32 exited with code 0
2021/06/07 09:04:13 [notice] 1#1: worker process 33 exited with code 0
2021/06/07 09:04:13 [notice] 1#1: worker process 34 exited with code 0
2021/06/07 09:04:13 [notice] 1#1: worker process 36 exited with code 0
2021/06/07 09:04:13 [notice] 1#1: worker process 37 exited with code 0
2021/06/07 09:04:13 [notice] 1#1: worker process 38 exited with code 0
2021/06/07 09:04:13 [notice] 1#1: worker process 39 exited with code 0
2021/06/07 09:04:13 [notice] 1#1: worker process 40 exited with code 0
2021/06/07 09:04:13 [notice] 1#1: worker process 41 exited with code 0
2021/06/07 09:04:13 [notice] 1#1: worker process 42 exited with code 0
2021/06/07 09:04:13 [notice] 1#1: signal 29 (SIGIO) received
2021/06/07 09:04:13 [notice] 1#1: signal 17 (SIGCHLD) received from 41
2021/06/07 09:04:13 [notice] 1#1: signal 17 (SIGCHLD) received from 35
2021/06/07 09:04:13 [notice] 1#1: worker process 35 exited with code 0
2021/06/07 09:04:13 [notice] 1#1: exit
2021/06/07 09:09:57 [notice] 1#1: using the "epoll" event method
2021/06/07 09:09:57 [notice] 1#1: nginx/1.21.0
2021/06/07 09:09:57 [notice] 1#1: built by gcc 8.3.0 (Debian 8.3.0-6) 
2021/06/07 09:09:57 [notice] 1#1: OS: Linux 4.19.128-microsoft-standard
2021/06/07 09:09:57 [notice] 1#1: getrlimit(RLIMIT_NOFILE): 1048576:1048576
2021/06/07 09:09:57 [notice] 1#1: start worker processes
2021/06/07 09:09:57 [notice] 1#1: start worker process 31
2021/06/07 09:09:57 [notice] 1#1: start worker process 32
2021/06/07 09:09:57 [notice] 1#1: start worker process 33
2021/06/07 09:09:57 [notice] 1#1: start worker process 34
2021/06/07 09:09:57 [notice] 1#1: start worker process 35
2021/06/07 09:09:57 [notice] 1#1: start worker process 36
2021/06/07 09:09:57 [notice] 1#1: start worker process 37
2021/06/07 09:09:57 [notice] 1#1: start worker process 38
2021/06/07 09:09:57 [notice] 1#1: start worker process 39
2021/06/07 09:09:57 [notice] 1#1: start worker process 40
2021/06/07 09:09:57 [notice] 1#1: start worker process 41
2021/06/07 09:09:57 [notice] 1#1: start worker process 42
2021/06/07 09:10:12 [notice] 1#1: signal 2 (SIGINT) received, exiting
2021/06/07 09:10:12 [notice] 31#31: exiting
2021/06/07 09:10:12 [notice] 32#32: exiting
2021/06/07 09:10:12 [notice] 33#33: exiting
2021/06/07 09:10:12 [notice] 34#34: exiting
2021/06/07 09:10:12 [notice] 31#31: exit
2021/06/07 09:10:12 [notice] 32#32: exit
2021/06/07 09:10:12 [notice] 35#35: exiting
2021/06/07 09:10:12 [notice] 33#33: exit
2021/06/07 09:10:12 [notice] 36#36: exiting
2021/06/07 09:10:12 [notice] 34#34: exit
2021/06/07 09:10:12 [notice] 37#37: exiting
2021/06/07 09:10:12 [notice] 35#35: exit
2021/06/07 09:10:12 [notice] 36#36: exit
2021/06/07 09:10:12 [notice] 39#39: exiting
2021/06/07 09:10:12 [notice] 37#37: exit
2021/06/07 09:10:12 [notice] 39#39: exit
2021/06/07 09:10:12 [notice] 42#42: exiting
2021/06/07 09:10:12 [notice] 41#41: exiting
2021/06/07 09:10:12 [notice] 42#42: exit
2021/06/07 09:10:12 [notice] 41#41: exit
2021/06/07 09:10:12 [notice] 38#38: exiting
2021/06/07 09:10:12 [notice] 38#38: exit
2021/06/07 09:10:12 [notice] 40#40: exiting
2021/06/07 09:10:12 [notice] 40#40: exit
2021/06/07 09:10:12 [notice] 1#1: signal 2 (SIGINT) received, exiting
2021/06/07 09:10:13 [notice] 1#1: signal 14 (SIGALRM) received
2021/06/07 09:10:13 [notice] 1#1: signal 17 (SIGCHLD) received from 35
2021/06/07 09:10:13 [notice] 1#1: worker process 32 exited with code 0
2021/06/07 09:10:13 [notice] 1#1: worker process 34 exited with code 0
2021/06/07 09:10:13 [notice] 1#1: worker process 35 exited with code 0
2021/06/07 09:10:13 [notice] 1#1: worker process 42 exited with code 0
2021/06/07 09:10:13 [notice] 1#1: signal 29 (SIGIO) received
2021/06/07 09:10:13 [notice] 1#1: signal 17 (SIGCHLD) received from 33
2021/06/07 09:10:13 [notice] 1#1: worker process 33 exited with code 0
2021/06/07 09:10:13 [notice] 1#1: worker process 37 exited with code 0
2021/06/07 09:10:13 [notice] 1#1: worker process 38 exited with code 0
2021/06/07 09:10:13 [notice] 1#1: worker process 39 exited with code 0
2021/06/07 09:10:13 [notice] 1#1: worker process 40 exited with code 0
2021/06/07 09:10:13 [notice] 1#1: signal 29 (SIGIO) received
2021/06/07 09:10:13 [notice] 1#1: signal 17 (SIGCHLD) received from 31
2021/06/07 09:10:13 [notice] 1#1: worker process 31 exited with code 0
2021/06/07 09:10:13 [notice] 1#1: signal 29 (SIGIO) received
2021/06/07 09:10:13 [notice] 1#1: signal 17 (SIGCHLD) received from 36
2021/06/07 09:10:13 [notice] 1#1: worker process 36 exited with code 0
2021/06/07 09:10:13 [notice] 1#1: worker process 41 exited with code 0
2021/06/07 09:10:13 [notice] 1#1: exit
2021/06/08 00:07:23 [notice] 1#1: using the "epoll" event method
2021/06/08 00:07:23 [notice] 1#1: nginx/1.12.1
2021/06/08 00:07:23 [notice] 1#1: built by gcc 6.3.0 20170516 (Debian 6.3.0-18) 
2021/06/08 00:07:23 [notice] 1#1: OS: Linux 4.19.128-microsoft-standard
2021/06/08 00:07:23 [notice] 1#1: getrlimit(RLIMIT_NOFILE): 1048576:1048576
2021/06/08 00:07:23 [notice] 1#1: start worker processes
2021/06/08 00:07:23 [notice] 1#1: start worker process 7
2021/06/08 00:07:23 [notice] 1#1: start worker process 8
2021/06/08 00:07:23 [notice] 1#1: start worker process 9
2021/06/08 00:07:23 [notice] 1#1: start worker process 10
2021/06/08 00:07:23 [notice] 1#1: start worker process 11
2021/06/08 00:07:23 [notice] 1#1: start worker process 12
2021/06/08 00:07:23 [notice] 1#1: start worker process 13
2021/06/08 00:07:23 [notice] 1#1: start worker process 14
2021/06/08 00:07:23 [notice] 1#1: start worker process 15
2021/06/08 00:07:23 [notice] 1#1: start worker process 16
2021/06/08 00:07:23 [notice] 1#1: start worker process 17
2021/06/08 00:07:23 [notice] 1#1: start worker process 18
2021/06/08 00:17:51 [notice] 1#1: signal 2 (SIGINT) received, exiting
2021/06/08 00:17:51 [notice] 8#8: exiting
2021/06/08 00:17:51 [notice] 7#7: exiting
2021/06/08 00:17:51 [notice] 8#8: exit
2021/06/08 00:17:51 [notice] 9#9: exiting
2021/06/08 00:17:51 [notice] 7#7: exit
2021/06/08 00:17:51 [notice] 10#10: exiting
2021/06/08 00:17:51 [notice] 11#11: exiting
2021/06/08 00:17:51 [notice] 9#9: exit
2021/06/08 00:17:51 [notice] 12#12: exiting
2021/06/08 00:17:51 [notice] 10#10: exit
2021/06/08 00:17:51 [notice] 13#13: exiting
2021/06/08 00:17:51 [notice] 11#11: exit
2021/06/08 00:17:51 [notice] 14#14: exiting
2021/06/08 00:17:51 [notice] 12#12: exit
2021/06/08 00:17:51 [notice] 17#17: exiting
2021/06/08 00:17:51 [notice] 13#13: exit
2021/06/08 00:17:51 [notice] 14#14: exit
2021/06/08 00:17:51 [notice] 17#17: exit
2021/06/08 00:17:51 [notice] 15#15: exiting
2021/06/08 00:17:51 [notice] 15#15: exit
2021/06/08 00:17:51 [notice] 16#16: exiting
2021/06/08 00:17:51 [notice] 16#16: exit
2021/06/08 00:17:51 [notice] 18#18: exiting
2021/06/08 00:17:51 [notice] 18#18: exit
2021/06/08 00:17:51 [notice] 1#1: signal 2 (SIGINT) received, exiting
2021/06/08 00:17:51 [notice] 1#1: signal 14 (SIGALRM) received
2021/06/08 00:17:51 [notice] 1#1: signal 17 (SIGCHLD) received
2021/06/08 00:17:51 [notice] 1#1: worker process 13 exited with code 0
2021/06/08 00:17:51 [notice] 1#1: worker process 16 exited with code 0
2021/06/08 00:17:51 [notice] 1#1: signal 29 (SIGIO) received
2021/06/08 00:17:51 [notice] 1#1: signal 17 (SIGCHLD) received
2021/06/08 00:17:51 [notice] 1#1: worker process 9 exited with code 0
2021/06/08 00:17:51 [notice] 1#1: worker process 17 exited with code 0
2021/06/08 00:17:51 [notice] 1#1: signal 29 (SIGIO) received
2021/06/08 00:17:51 [notice] 1#1: signal 17 (SIGCHLD) received
2021/06/08 00:17:51 [notice] 1#1: worker process 7 exited with code 0
2021/06/08 00:17:51 [notice] 1#1: worker process 8 exited with code 0
2021/06/08 00:17:51 [notice] 1#1: worker process 11 exited with code 0
2021/06/08 00:17:51 [notice] 1#1: worker process 12 exited with code 0
2021/06/08 00:17:51 [notice] 1#1: signal 29 (SIGIO) received
2021/06/08 00:17:51 [notice] 1#1: signal 17 (SIGCHLD) received
2021/06/08 00:17:51 [notice] 1#1: worker process 15 exited with code 0
2021/06/08 00:17:51 [notice] 1#1: signal 29 (SIGIO) received
2021/06/08 00:17:51 [notice] 1#1: signal 17 (SIGCHLD) received
2021/06/08 00:17:51 [notice] 1#1: worker process 10 exited with code 0
2021/06/08 00:17:51 [notice] 1#1: worker process 14 exited with code 0
2021/06/08 00:17:51 [notice] 1#1: worker process 18 exited with code 0
2021/06/08 00:17:51 [notice] 1#1: exit
2021/06/08 00:18:22 [notice] 1#1: using the "epoll" event method
2021/06/08 00:18:22 [notice] 1#1: nginx/1.12.1
2021/06/08 00:18:22 [notice] 1#1: built by gcc 6.3.0 20170516 (Debian 6.3.0-18) 
2021/06/08 00:18:22 [notice] 1#1: OS: Linux 4.19.128-microsoft-standard
2021/06/08 00:18:22 [notice] 1#1: getrlimit(RLIMIT_NOFILE): 1048576:1048576
2021/06/08 00:18:22 [notice] 1#1: start worker processes
2021/06/08 00:18:22 [notice] 1#1: start worker process 7
2021/06/08 00:24:40 [notice] 1#1: signal 2 (SIGINT) received, exiting
2021/06/08 00:24:40 [notice] 7#7: exiting
2021/06/08 00:24:40 [notice] 7#7: exit
2021/06/08 00:24:40 [notice] 1#1: signal 2 (SIGINT) received, exiting
2021/06/08 00:24:40 [notice] 1#1: signal 14 (SIGALRM) received
2021/06/08 00:24:40 [notice] 1#1: signal 17 (SIGCHLD) received
2021/06/08 00:24:40 [notice] 1#1: worker process 7 exited with code 0
2021/06/08 00:24:40 [notice] 1#1: exit
2021/06/08 00:33:11 [notice] 1#1: using the "epoll" event method
2021/06/08 00:33:11 [notice] 1#1: nginx/1.12.1
2021/06/08 00:33:11 [notice] 1#1: built by gcc 6.3.0 20170516 (Debian 6.3.0-18) 
2021/06/08 00:33:11 [notice] 1#1: OS: Linux 4.19.128-microsoft-standard
2021/06/08 00:33:11 [notice] 1#1: getrlimit(RLIMIT_NOFILE): 1048576:1048576
2021/06/08 00:33:11 [notice] 1#1: start worker processes
2021/06/08 00:33:11 [notice] 1#1: start worker process 7
2021/06/08 01:14:57 [notice] 1#1: using the "epoll" event method
2021/06/08 01:14:57 [notice] 1#1: nginx/1.12.1
2021/06/08 01:14:57 [notice] 1#1: built by gcc 6.3.0 20170516 (Debian 6.3.0-18) 
2021/06/08 01:14:57 [notice] 1#1: OS: Linux 4.19.128-microsoft-standard
2021/06/08 01:14:57 [notice] 1#1: getrlimit(RLIMIT_NOFILE): 1048576:1048576
2021/06/08 01:14:57 [notice] 1#1: start worker processes
2021/06/08 01:14:57 [notice] 1#1: start worker process 7
2021/06/08 01:16:58 [notice] 1#1: signal 2 (SIGINT) received, exiting
2021/06/08 01:16:58 [notice] 7#7: exiting
2021/06/08 01:16:58 [notice] 7#7: exit
2021/06/08 01:16:58 [notice] 1#1: signal 2 (SIGINT) received, exiting
2021/06/08 01:16:58 [notice] 1#1: signal 14 (SIGALRM) received
2021/06/08 01:16:58 [notice] 1#1: signal 17 (SIGCHLD) received
2021/06/08 01:16:58 [notice] 1#1: worker process 7 exited with code 0
2021/06/08 01:16:58 [notice] 1#1: exit
2021/06/08 01:17:38 [notice] 1#1: using the "epoll" event method
2021/06/08 01:17:38 [notice] 1#1: nginx/1.12.1
2021/06/08 01:17:38 [notice] 1#1: built by gcc 6.3.0 20170516 (Debian 6.3.0-18) 
2021/06/08 01:17:38 [notice] 1#1: OS: Linux 4.19.128-microsoft-standard
2021/06/08 01:17:38 [notice] 1#1: getrlimit(RLIMIT_NOFILE): 1048576:1048576
2021/06/08 01:17:38 [notice] 1#1: start worker processes
2021/06/08 01:17:38 [notice] 1#1: start worker process 8
2021/06/08 01:26:43 [notice] 1#1: signal 2 (SIGINT) received, exiting
2021/06/08 01:26:43 [notice] 8#8: exiting
2021/06/08 01:26:43 [notice] 8#8: exit
2021/06/08 01:26:43 [notice] 1#1: signal 2 (SIGINT) received, exiting
2021/06/08 01:26:43 [notice] 1#1: signal 14 (SIGALRM) received
2021/06/08 01:26:44 [notice] 1#1: signal 17 (SIGCHLD) received
2021/06/08 01:26:44 [notice] 1#1: worker process 8 exited with code 0
2021/06/08 01:26:44 [notice] 1#1: exit
